E:\WAYTOCG\OPENGL_RED\C1_INTRODUCTION_TO_OPENGL\C1_TRIANGLES\C1_TRIANGLES\DEBUG\C1_TRIANGLES.EXE.EMBED.MANIFEST
E:\WAYTOCG\OPENGL_RED\C1_INTRODUCTION_TO_OPENGL\C1_TRIANGLES\C1_TRIANGLES\DEBUG\C1_TRIANGLES.EXE.EMBED.MANIFEST.RES
E:\WAYTOCG\OPENGL_RED\C1_INTRODUCTION_TO_OPENGL\C1_TRIANGLES\C1_TRIANGLES\DEBUG\C1_TRIANGLES.EXE.INTERMEDIATE.MANIFEST
E:\WAYTOCG\OPENGL_RED\C1_INTRODUCTION_TO_OPENGL\C1_TRIANGLES\C1_TRIANGLES\DEBUG\C1_TRIANGLES.RES
E:\WayToCG\OPENGL_RED\C1_Introduction_to_OpenGL\c1_triangles\c1_triangles\Debug\c1_triangles_manifest.rc
E:\WayToCG\OPENGL_RED\C1_Introduction_to_OpenGL\c1_triangles\c1_triangles\Debug\cl.command.1.tlog
E:\WayToCG\OPENGL_RED\C1_Introduction_to_OpenGL\c1_triangles\c1_triangles\Debug\CL.read.1.tlog
E:\WayToCG\OPENGL_RED\C1_Introduction_to_OpenGL\c1_triangles\c1_triangles\Debug\CL.write.1.tlog
E:\WayToCG\OPENGL_RED\C1_Introduction_to_OpenGL\c1_triangles\c1_triangles\Debug\link.10968.read.1.tlog
E:\WayToCG\OPENGL_RED\C1_Introduction_to_OpenGL\c1_triangles\c1_triangles\Debug\link.10968.read.2.tlog
E:\WayToCG\OPENGL_RED\C1_Introduction_to_OpenGL\c1_triangles\c1_triangles\Debug\link.10968.write.1.tlog
E:\WayToCG\OPENGL_RED\C1_Introduction_to_OpenGL\c1_triangles\c1_triangles\Debug\link.10968-cvtres.read.1.tlog
E:\WayToCG\OPENGL_RED\C1_Introduction_to_OpenGL\c1_triangles\c1_triangles\Debug\link.10968-cvtres.write.1.tlog
E:\WayToCG\OPENGL_RED\C1_Introduction_to_OpenGL\c1_triangles\c1_triangles\Debug\link.command.1.tlog
E:\WayToCG\OPENGL_RED\C1_Introduction_to_OpenGL\c1_triangles\c1_triangles\Debug\link.read.1.tlog
E:\WayToCG\OPENGL_RED\C1_Introduction_to_OpenGL\c1_triangles\c1_triangles\Debug\link.read.2.tlog
E:\WayToCG\OPENGL_RED\C1_Introduction_to_OpenGL\c1_triangles\c1_triangles\Debug\link.write.1.tlog
E:\WayToCG\OPENGL_RED\C1_Introduction_to_OpenGL\c1_triangles\c1_triangles\Debug\link-cvtres.read.1.tlog
E:\WayToCG\OPENGL_RED\C1_Introduction_to_OpenGL\c1_triangles\c1_triangles\Debug\link-cvtres.write.1.tlog
E:\WAYTOCG\OPENGL_RED\C1_INTRODUCTION_TO_OPENGL\C1_TRIANGLES\C1_TRIANGLES\DEBUG\LOADSHADERS.OBJ
E:\WAYTOCG\OPENGL_RED\C1_INTRODUCTION_TO_OPENGL\C1_TRIANGLES\C1_TRIANGLES\DEBUG\MAIN.OBJ
E:\WayToCG\OPENGL_RED\C1_Introduction_to_OpenGL\c1_triangles\c1_triangles\Debug\mt.command.1.tlog
E:\WayToCG\OPENGL_RED\C1_Introduction_to_OpenGL\c1_triangles\c1_triangles\Debug\mt.read.1.tlog
E:\WayToCG\OPENGL_RED\C1_Introduction_to_OpenGL\c1_triangles\c1_triangles\Debug\mt.write.1.tlog
E:\WayToCG\OPENGL_RED\C1_Introduction_to_OpenGL\c1_triangles\c1_triangles\Debug\rc.command.1.tlog
E:\WayToCG\OPENGL_RED\C1_Introduction_to_OpenGL\c1_triangles\c1_triangles\Debug\rc.read.1.tlog
E:\WayToCG\OPENGL_RED\C1_Introduction_to_OpenGL\c1_triangles\c1_triangles\Debug\rc.write.1.tlog
E:\WayToCG\OPENGL_RED\C1_Introduction_to_OpenGL\c1_triangles\c1_triangles\Debug\vc100.idb
E:\WAYTOCG\OPENGL_RED\C1_INTRODUCTION_TO_OPENGL\C1_TRIANGLES\C1_TRIANGLES\DEBUG\VC100.PDB
E:\WAYTOCG\OPENGL_RED\C1_INTRODUCTION_TO_OPENGL\C1_TRIANGLES\DEBUG\C1_TRIANGLES.EXE
E:\WAYTOCG\OPENGL_RED\C1_INTRODUCTION_TO_OPENGL\C1_TRIANGLES\DEBUG\C1_TRIANGLES.ILK
E:\WAYTOCG\OPENGL_RED\C1_INTRODUCTION_TO_OPENGL\C1_TRIANGLES\DEBUG\C1_TRIANGLES.PDB
