生成启动时间为 2015/6/6 21:15:16。
     1>项目“D:\WayToCG\OPENGL_RED\C9_Texture_Mipmap\texture_bind\texture_bind\texture_bind.vcxproj”在节点 2 上(build 个目标)。
     1>InitializeBuildStatus:
         正在创建“Debug\texture_bind.unsuccessfulbuild”，因为已指定“AlwaysCreate”。
       ClCompile:
         C:\Program Files (x86)\Microsoft Visual Studio 10.0\VC\bin\CL.exe /c /ZI /nologo /W3 /WX- /Od /Oy- /D _MBCS /Gm /EHsc /RTC1 /MDd /GS /fp:precise /Zc:wchar_t /Zc:forScope /Fo"Debug\\" /Fd"Debug\vc100.pdb" /Gd /TP /analyze- /errorReport:prompt main.cpp
         main.cpp
     1>d:\waytocg\opengl_red\c9_texture_mipmap\texture_bind\texture_bind\main.cpp(24): warning C4554: “^”: 检查运算符优先级可能存在的错误；使用圆括号阐明优先级
     1>d:\waytocg\opengl_red\c9_texture_mipmap\texture_bind\texture_bind\main.cpp(29): warning C4554: “^”: 检查运算符优先级可能存在的错误；使用圆括号阐明优先级
     1>d:\waytocg\opengl_red\c9_texture_mipmap\texture_bind\texture_bind\main.cpp(87): warning C4305: “参数”: 从“double”到“GLfloat”截断
     1>d:\waytocg\opengl_red\c9_texture_mipmap\texture_bind\texture_bind\main.cpp(87): warning C4305: “参数”: 从“double”到“GLfloat”截断
     1>d:\waytocg\opengl_red\c9_texture_mipmap\texture_bind\texture_bind\main.cpp(88): warning C4305: “参数”: 从“double”到“GLfloat”截断
     1>d:\waytocg\opengl_red\c9_texture_mipmap\texture_bind\texture_bind\main.cpp(88): warning C4305: “参数”: 从“double”到“GLfloat”截断
     1>d:\waytocg\opengl_red\c9_texture_mipmap\texture_bind\texture_bind\main.cpp(101): warning C4305: “参数”: 从“double”到“GLfloat”截断
       Link:
         C:\Program Files (x86)\Microsoft Visual Studio 10.0\VC\bin\link.exe /ERRORREPORT:PROMPT /OUT:"D:\WayToCG\OPENGL_RED\C9_Texture_Mipmap\texture_bind\Debug\texture_bind.exe" /NOLOGO kernel32.lib user32.lib gdi32.lib winspool.lib comdlg32.lib advapi32.lib shell32.lib ole32.lib oleaut32.lib uuid.lib odbc32.lib odbccp32.lib /MANIFEST /ManifestFile:"Debug\texture_bind.exe.intermediate.manifest" /MANIFESTUAC:"level='asInvoker' uiAccess='false'" /DEBUG /PDB:"D:\WayToCG\OPENGL_RED\C9_Texture_Mipmap\texture_bind\Debug\texture_bind.pdb" /TLBID:1 /DYNAMICBASE /NXCOMPAT /IMPLIB:"D:\WayToCG\OPENGL_RED\C9_Texture_Mipmap\texture_bind\Debug\texture_bind.lib" /MACHINE:X86 Debug\main.obj
         LINK : 没有找到 D:\WayToCG\OPENGL_RED\C9_Texture_Mipmap\texture_bind\Debug\texture_bind.exe 或上一个增量链接没有生成它；正在执行完全链接
         texture_bind.vcxproj -> D:\WayToCG\OPENGL_RED\C9_Texture_Mipmap\texture_bind\Debug\texture_bind.exe
       Manifest:
         C:\Program Files (x86)\Microsoft SDKs\Windows\v7.0A\bin\mt.exe /nologo /verbose /outputresource:"D:\WayToCG\OPENGL_RED\C9_Texture_Mipmap\texture_bind\Debug\texture_bind.exe;#1" /manifest Debug\texture_bind.exe.intermediate.manifest
       FinalizeBuildStatus:
         正在删除文件“Debug\texture_bind.unsuccessfulbuild”。
         正在对“Debug\texture_bind.lastbuildstate”执行 Touch 任务。
     1>已完成生成项目“D:\WayToCG\OPENGL_RED\C9_Texture_Mipmap\texture_bind\texture_bind\texture_bind.vcxproj”(build 个目标)的操作。

生成成功。

已用时间 00:00:03.39
