生成启动时间为 2015/6/10 20:32:20。
     1>项目“D:\WayToCG\OPENGL_RED\C12_Eval_NURBS\PickSquare\PickSquare\PickSquare.vcxproj”在节点 2 上(build 个目标)。
     1>PrepareForBuild:
         正在创建目录“D:\WayToCG\OPENGL_RED\C12_Eval_NURBS\PickSquare\Debug\”。
       InitializeBuildStatus:
         正在创建“Debug\PickSquare.unsuccessfulbuild”，因为已指定“AlwaysCreate”。
       ClCompile:
         C:\Program Files (x86)\Microsoft Visual Studio 10.0\VC\bin\CL.exe /c /ZI /nologo /W3 /WX- /Od /Oy- /D _MBCS /Gm /EHsc /RTC1 /MDd /GS /fp:precise /Zc:wchar_t /Zc:forScope /Fo"Debug\\" /Fd"Debug\vc100.pdb" /Gd /TP /analyze- /errorReport:prompt main.cpp
         main.cpp
     1>d:\waytocg\opengl_red\c12_eval_nurbs\picksquare\picksquare\main.cpp(40): warning C4244: “参数”: 从“double”转换到“GLfloat”，可能丢失数据
     1>d:\waytocg\opengl_red\c12_eval_nurbs\picksquare\picksquare\main.cpp(40): warning C4244: “参数”: 从“double”转换到“GLfloat”，可能丢失数据
     1>d:\waytocg\opengl_red\c12_eval_nurbs\picksquare\picksquare\main.cpp(40): warning C4244: “参数”: 从“double”转换到“GLfloat”，可能丢失数据
     1>d:\waytocg\opengl_red\c12_eval_nurbs\picksquare\picksquare\main.cpp(58): warning C4018: “<”: 有符号/无符号不匹配
       Link:
         C:\Program Files (x86)\Microsoft Visual Studio 10.0\VC\bin\link.exe /ERRORREPORT:PROMPT /OUT:"D:\WayToCG\OPENGL_RED\C12_Eval_NURBS\PickSquare\Debug\PickSquare.exe" /NOLOGO kernel32.lib user32.lib gdi32.lib winspool.lib comdlg32.lib advapi32.lib shell32.lib ole32.lib oleaut32.lib uuid.lib odbc32.lib odbccp32.lib /MANIFEST /ManifestFile:"Debug\PickSquare.exe.intermediate.manifest" /MANIFESTUAC:"level='asInvoker' uiAccess='false'" /DEBUG /PDB:"D:\WayToCG\OPENGL_RED\C12_Eval_NURBS\PickSquare\Debug\PickSquare.pdb" /TLBID:1 /DYNAMICBASE /NXCOMPAT /IMPLIB:"D:\WayToCG\OPENGL_RED\C12_Eval_NURBS\PickSquare\Debug\PickSquare.lib" /MACHINE:X86 Debug\main.obj
         PickSquare.vcxproj -> D:\WayToCG\OPENGL_RED\C12_Eval_NURBS\PickSquare\Debug\PickSquare.exe
       Manifest:
         C:\Program Files (x86)\Microsoft SDKs\Windows\v7.0A\bin\mt.exe /nologo /verbose /outputresource:"D:\WayToCG\OPENGL_RED\C12_Eval_NURBS\PickSquare\Debug\PickSquare.exe;#1" /manifest Debug\PickSquare.exe.intermediate.manifest
       FinalizeBuildStatus:
         正在删除文件“Debug\PickSquare.unsuccessfulbuild”。
         正在对“Debug\PickSquare.lastbuildstate”执行 Touch 任务。
     1>已完成生成项目“D:\WayToCG\OPENGL_RED\C12_Eval_NURBS\PickSquare\PickSquare\PickSquare.vcxproj”(build 个目标)的操作。

生成成功。

已用时间 00:00:01.38
