生成启动时间为 2015/5/24 19:11:22。
     1>项目“E:\WayToCG\OPENGL_RED\C6_Blend_Antialiazing_Fog\Alpha3D\Alpha3D\Alpha3D.vcxproj”在节点 2 上(build 个目标)。
     1>InitializeBuildStatus:
         正在创建“Debug\Alpha3D.unsuccessfulbuild”，因为已指定“AlwaysCreate”。
       ClCompile:
         C:\Program Files (x86)\Microsoft Visual Studio 10.0\VC\bin\CL.exe /c /ZI /nologo /W3 /WX- /Od /Oy- /D _MBCS /Gm /EHsc /RTC1 /MDd /GS /fp:precise /Zc:wchar_t /Zc:forScope /Fo"Debug\\" /Fd"Debug\vc100.pdb" /Gd /TP /analyze- /errorReport:prompt alpha3d.cpp
         alpha3d.cpp
     1>e:\waytocg\opengl_red\c6_blend_antialiazing_fog\alpha3d\alpha3d\alpha3d.cpp(15): warning C4305: “初始化”: 从“double”到“GLfloat”截断
     1>e:\waytocg\opengl_red\c6_blend_antialiazing_fog\alpha3d\alpha3d\alpha3d.cpp(42): warning C4305: “初始化”: 从“double”到“GLfloat”截断
     1>e:\waytocg\opengl_red\c6_blend_antialiazing_fog\alpha3d\alpha3d\alpha3d.cpp(42): warning C4305: “初始化”: 从“double”到“GLfloat”截断
     1>e:\waytocg\opengl_red\c6_blend_antialiazing_fog\alpha3d\alpha3d\alpha3d.cpp(42): warning C4305: “初始化”: 从“double”到“GLfloat”截断
     1>e:\waytocg\opengl_red\c6_blend_antialiazing_fog\alpha3d\alpha3d\alpha3d.cpp(43): warning C4305: “初始化”: 从“double”到“GLfloat”截断
     1>e:\waytocg\opengl_red\c6_blend_antialiazing_fog\alpha3d\alpha3d\alpha3d.cpp(43): warning C4305: “初始化”: 从“double”到“GLfloat”截断
     1>e:\waytocg\opengl_red\c6_blend_antialiazing_fog\alpha3d\alpha3d\alpha3d.cpp(43): warning C4305: “初始化”: 从“double”到“GLfloat”截断
     1>e:\waytocg\opengl_red\c6_blend_antialiazing_fog\alpha3d\alpha3d\alpha3d.cpp(48): warning C4305: “参数”: 从“double”到“GLfloat”截断
     1>e:\waytocg\opengl_red\c6_blend_antialiazing_fog\alpha3d\alpha3d\alpha3d.cpp(48): warning C4305: “参数”: 从“double”到“GLfloat”截断
     1>e:\waytocg\opengl_red\c6_blend_antialiazing_fog\alpha3d\alpha3d\alpha3d.cpp(56): warning C4305: “参数”: 从“double”到“GLfloat”截断
     1>e:\waytocg\opengl_red\c6_blend_antialiazing_fog\alpha3d\alpha3d\alpha3d.cpp(56): warning C4305: “参数”: 从“double”到“GLfloat”截断
     1>e:\waytocg\opengl_red\c6_blend_antialiazing_fog\alpha3d\alpha3d\alpha3d.cpp(100): warning C4305: “-=”: 从“double”到“float”截断
     1>e:\waytocg\opengl_red\c6_blend_antialiazing_fog\alpha3d\alpha3d\alpha3d.cpp(101): warning C4305: “+=”: 从“double”到“float”截断
       Link:
         C:\Program Files (x86)\Microsoft Visual Studio 10.0\VC\bin\link.exe /ERRORREPORT:PROMPT /OUT:"E:\WayToCG\OPENGL_RED\C6_Blend_Antialiazing_Fog\Alpha3D\Debug\Alpha3D.exe" /NOLOGO kernel32.lib user32.lib gdi32.lib winspool.lib comdlg32.lib advapi32.lib shell32.lib ole32.lib oleaut32.lib uuid.lib odbc32.lib odbccp32.lib /MANIFEST /ManifestFile:"Debug\Alpha3D.exe.intermediate.manifest" /MANIFESTUAC:"level='asInvoker' uiAccess='false'" /DEBUG /PDB:"E:\WayToCG\OPENGL_RED\C6_Blend_Antialiazing_Fog\Alpha3D\Debug\Alpha3D.pdb" /TLBID:1 /DYNAMICBASE /NXCOMPAT /IMPLIB:"E:\WayToCG\OPENGL_RED\C6_Blend_Antialiazing_Fog\Alpha3D\Debug\Alpha3D.lib" /MACHINE:X86 Debug\alpha3d.obj
         LINK : 没有找到 E:\WayToCG\OPENGL_RED\C6_Blend_Antialiazing_Fog\Alpha3D\Debug\Alpha3D.exe 或上一个增量链接没有生成它；正在执行完全链接
         Alpha3D.vcxproj -> E:\WayToCG\OPENGL_RED\C6_Blend_Antialiazing_Fog\Alpha3D\Debug\Alpha3D.exe
       Manifest:
         C:\Program Files (x86)\Microsoft SDKs\Windows\v7.0A\bin\mt.exe /nologo /verbose /outputresource:"E:\WayToCG\OPENGL_RED\C6_Blend_Antialiazing_Fog\Alpha3D\Debug\Alpha3D.exe;#1" /manifest Debug\Alpha3D.exe.intermediate.manifest
       FinalizeBuildStatus:
         正在删除文件“Debug\Alpha3D.unsuccessfulbuild”。
         正在对“Debug\Alpha3D.lastbuildstate”执行 Touch 任务。
     1>已完成生成项目“E:\WayToCG\OPENGL_RED\C6_Blend_Antialiazing_Fog\Alpha3D\Alpha3D\Alpha3D.vcxproj”(build 个目标)的操作。

生成成功。

已用时间 00:00:00.88
