生成启动时间为 2015/5/25 8:29:15。
     1>项目“E:\WayToCG\OPENGL_RED\C6_Blend_Antialiazing_Fog\FogSystem\FogSystem\FogSystem.vcxproj”在节点 2 上(build 个目标)。
     1>InitializeBuildStatus:
         正在对“Debug\FogSystem.unsuccessfulbuild”执行 Touch 任务。
       ClCompile:
         C:\Program Files (x86)\Microsoft Visual Studio 10.0\VC\bin\CL.exe /c /ZI /nologo /W3 /WX- /Od /Oy- /D _MBCS /Gm /EHsc /RTC1 /MDd /GS /fp:precise /Zc:wchar_t /Zc:forScope /Fo"Debug\\" /Fd"Debug\vc100.pdb" /Gd /TP /analyze- /errorReport:prompt fog.cpp
         fog.cpp
     1>e:\waytocg\opengl_red\c6_blend_antialiazing_fog\fogsystem\fogsystem\fog.cpp(16): warning C4305: “初始化”: 从“double”到“GLfloat”截断
     1>e:\waytocg\opengl_red\c6_blend_antialiazing_fog\fogsystem\fogsystem\fog.cpp(16): warning C4305: “初始化”: 从“double”到“GLfloat”截断
     1>e:\waytocg\opengl_red\c6_blend_antialiazing_fog\fogsystem\fogsystem\fog.cpp(16): warning C4305: “初始化”: 从“double”到“GLfloat”截断
     1>e:\waytocg\opengl_red\c6_blend_antialiazing_fog\fogsystem\fogsystem\fog.cpp(18): warning C4305: “=”: 从“double”到“GLfloat”截断
     1>e:\waytocg\opengl_red\c6_blend_antialiazing_fog\fogsystem\fogsystem\fog.cpp(18): warning C4305: “=”: 从“double”到“GLfloat”截断
     1>e:\waytocg\opengl_red\c6_blend_antialiazing_fog\fogsystem\fogsystem\fog.cpp(18): warning C4305: “=”: 从“double”到“GLfloat”截断
     1>e:\waytocg\opengl_red\c6_blend_antialiazing_fog\fogsystem\fogsystem\fog.cpp(20): warning C4305: “=”: 从“double”到“GLfloat”截断
     1>e:\waytocg\opengl_red\c6_blend_antialiazing_fog\fogsystem\fogsystem\fog.cpp(20): warning C4305: “=”: 从“double”到“GLfloat”截断
     1>e:\waytocg\opengl_red\c6_blend_antialiazing_fog\fogsystem\fogsystem\fog.cpp(20): warning C4305: “=”: 从“double”到“GLfloat”截断
     1>e:\waytocg\opengl_red\c6_blend_antialiazing_fog\fogsystem\fogsystem\fog.cpp(22): warning C4305: “参数”: 从“double”到“GLfloat”截断
     1>e:\waytocg\opengl_red\c6_blend_antialiazing_fog\fogsystem\fogsystem\fog.cpp(32): warning C4305: “参数”: 从“double”到“GLfloat”截断
       Link:
         C:\Program Files (x86)\Microsoft Visual Studio 10.0\VC\bin\link.exe /ERRORREPORT:PROMPT /OUT:"E:\WayToCG\OPENGL_RED\C6_Blend_Antialiazing_Fog\FogSystem\Debug\FogSystem.exe" /NOLOGO kernel32.lib user32.lib gdi32.lib winspool.lib comdlg32.lib advapi32.lib shell32.lib ole32.lib oleaut32.lib uuid.lib odbc32.lib odbccp32.lib /MANIFEST /ManifestFile:"Debug\FogSystem.exe.intermediate.manifest" /MANIFESTUAC:"level='asInvoker' uiAccess='false'" /DEBUG /PDB:"E:\WayToCG\OPENGL_RED\C6_Blend_Antialiazing_Fog\FogSystem\Debug\FogSystem.pdb" /TLBID:1 /DYNAMICBASE /NXCOMPAT /IMPLIB:"E:\WayToCG\OPENGL_RED\C6_Blend_Antialiazing_Fog\FogSystem\Debug\FogSystem.lib" /MACHINE:X86 Debug\fog.obj
         FogSystem.vcxproj -> E:\WayToCG\OPENGL_RED\C6_Blend_Antialiazing_Fog\FogSystem\Debug\FogSystem.exe
       Manifest:
         C:\Program Files (x86)\Microsoft SDKs\Windows\v7.0A\bin\mt.exe /nologo /verbose /outputresource:"E:\WayToCG\OPENGL_RED\C6_Blend_Antialiazing_Fog\FogSystem\Debug\FogSystem.exe;#1" /manifest Debug\FogSystem.exe.intermediate.manifest
       FinalizeBuildStatus:
         正在删除文件“Debug\FogSystem.unsuccessfulbuild”。
         正在对“Debug\FogSystem.lastbuildstate”执行 Touch 任务。
     1>已完成生成项目“E:\WayToCG\OPENGL_RED\C6_Blend_Antialiazing_Fog\FogSystem\FogSystem\FogSystem.vcxproj”(build 个目标)的操作。

生成成功。

已用时间 00:00:01.48
