生成启动时间为 2015/6/10 20:25:03。
     1>项目“D:\WayToCG\OPENGL_RED\C13_Select_Feedback\Select\Select\Select.vcxproj”在节点 2 上(build 个目标)。
     1>InitializeBuildStatus:
         正在创建“Debug\Select.unsuccessfulbuild”，因为已指定“AlwaysCreate”。
       ClCompile:
         C:\Program Files (x86)\Microsoft Visual Studio 10.0\VC\bin\CL.exe /c /ZI /nologo /W3 /WX- /Od /Oy- /D _MBCS /Gm /EHsc /RTC1 /MDd /GS /fp:precise /Zc:wchar_t /Zc:forScope /Fo"Debug\\" /Fd"Debug\vc100.pdb" /Gd /TP /analyze- /errorReport:prompt main.cpp
         main.cpp
     1>d:\waytocg\opengl_red\c13_select_feedback\select\select\main.cpp(96): warning C4018: “<”: 有符号/无符号不匹配
       Link:
         C:\Program Files (x86)\Microsoft Visual Studio 10.0\VC\bin\link.exe /ERRORREPORT:PROMPT /OUT:"D:\WayToCG\OPENGL_RED\C13_Select_Feedback\Select\Debug\Select.exe" /NOLOGO kernel32.lib user32.lib gdi32.lib winspool.lib comdlg32.lib advapi32.lib shell32.lib ole32.lib oleaut32.lib uuid.lib odbc32.lib odbccp32.lib /MANIFEST /ManifestFile:"Debug\Select.exe.intermediate.manifest" /MANIFESTUAC:"level='asInvoker' uiAccess='false'" /DEBUG /PDB:"D:\WayToCG\OPENGL_RED\C13_Select_Feedback\Select\Debug\Select.pdb" /TLBID:1 /DYNAMICBASE /NXCOMPAT /IMPLIB:"D:\WayToCG\OPENGL_RED\C13_Select_Feedback\Select\Debug\Select.lib" /MACHINE:X86 Debug\main.obj
         LINK : 没有找到 D:\WayToCG\OPENGL_RED\C13_Select_Feedback\Select\Debug\Select.exe 或上一个增量链接没有生成它；正在执行完全链接
         Select.vcxproj -> D:\WayToCG\OPENGL_RED\C13_Select_Feedback\Select\Debug\Select.exe
       Manifest:
         C:\Program Files (x86)\Microsoft SDKs\Windows\v7.0A\bin\mt.exe /nologo /verbose /outputresource:"D:\WayToCG\OPENGL_RED\C13_Select_Feedback\Select\Debug\Select.exe;#1" /manifest Debug\Select.exe.intermediate.manifest
       FinalizeBuildStatus:
         正在删除文件“Debug\Select.unsuccessfulbuild”。
         正在对“Debug\Select.lastbuildstate”执行 Touch 任务。
     1>已完成生成项目“D:\WayToCG\OPENGL_RED\C13_Select_Feedback\Select\Select\Select.vcxproj”(build 个目标)的操作。

生成成功。

已用时间 00:00:01.65
